2024-03-20 11:48:47,234 [Worker-2: Loading available Gradle versions] INFO  o.e.b.c.i.u.g.PublishedGradleVersions - Gradle version information cache is up-to-date. Trying to read.
2024-03-20 11:48:54,925 [Worker-1: Deferred Early Start] INFO  o.a.h.c.h.i.c.HttpRequestRetryExec - Recoverable I/O exception (java.net.SocketException) caught when processing request to {s}->https://www.eclipse.org:443
2024-03-20 11:49:52,364 [Worker-6: Loading available Gradle versions] INFO  o.e.b.c.i.u.g.PublishedGradleVersions - Gradle version information cache is up-to-date. Trying to read.
2024-03-20 11:53:58,198 [Worker-6: Loading available Gradle versions] INFO  o.e.b.c.i.u.g.PublishedGradleVersions - Gradle version information cache is up-to-date. Trying to read.
2024-03-20 14:04:32,891 [Worker-5: Loading available Gradle versions] INFO  o.e.b.c.i.u.g.PublishedGradleVersions - Gradle version information cache is up-to-date. Trying to read.
2024-03-20 14:06:59,978 [Worker-4: Loading available Gradle versions] INFO  o.e.b.c.i.u.g.PublishedGradleVersions - Gradle version information cache is up-to-date. Trying to read.
2024-03-20 14:08:29,382 [Worker-0: Loading available Gradle versions] INFO  o.e.b.c.i.u.g.PublishedGradleVersions - Gradle version information cache is up-to-date. Trying to read.
2024-03-22 09:38:00,870 [Worker-1: Loading available Gradle versions] INFO  o.e.b.c.i.u.g.PublishedGradleVersions - Gradle version information cache is out-of-date. Trying to update.
2024-03-25 09:43:06,141 [Worker-6: Loading available Gradle versions] INFO  o.e.b.c.i.u.g.PublishedGradleVersions - Gradle version information cache is out-of-date. Trying to update.
2024-03-25 12:04:27,912 [Worker-4: Loading available Gradle versions] INFO  o.e.b.c.i.u.g.PublishedGradleVersions - Gradle version information cache is up-to-date. Trying to read.
2024-03-25 12:22:00,237 [Worker-7: Loading available Gradle versions] INFO  o.e.b.c.i.u.g.PublishedGradleVersions - Gradle version information cache is up-to-date. Trying to read.
2024-03-25 17:45:16,622 [Worker-5: Loading available Gradle versions] INFO  o.e.b.c.i.u.g.PublishedGradleVersions - Gradle version information cache is up-to-date. Trying to read.
2024-03-26 09:44:32,105 [Worker-5: Loading available Gradle versions] INFO  o.e.b.c.i.u.g.PublishedGradleVersions - Gradle version information cache is out-of-date. Trying to update.
2024-03-27 09:48:37,844 [Worker-6: Loading available Gradle versions] INFO  o.e.b.c.i.u.g.PublishedGradleVersions - Gradle version information cache is out-of-date. Trying to update.
2024-03-28 09:38:53,414 [Worker-0: Loading available Gradle versions] INFO  o.e.b.c.i.u.g.PublishedGradleVersions - Gradle version information cache is up-to-date. Trying to read.
2024-03-28 14:33:27,075 [Worker-2: Loading available Gradle versions] INFO  o.e.b.c.i.u.g.PublishedGradleVersions - Gradle version information cache is up-to-date. Trying to read.
2024-03-28 14:54:17,621 [Worker-6: Loading available Gradle versions] INFO  o.e.b.c.i.u.g.PublishedGradleVersions - Gradle version information cache is up-to-date. Trying to read.
2024-03-29 09:45:15,018 [Worker-1: Loading available Gradle versions] INFO  o.e.b.c.i.u.g.PublishedGradleVersions - Gradle version information cache is up-to-date. Trying to read.
2024-04-01 09:40:44,969 [Worker-2: Loading available Gradle versions] INFO  o.e.b.c.i.u.g.PublishedGradleVersions - Gradle version information cache is out-of-date. Trying to update.
2024-04-25 11:20:50,256 [Worker-5: Loading available Gradle versions] INFO  o.e.b.c.i.u.g.PublishedGradleVersions - Gradle version information cache is out-of-date. Trying to update.
2024-04-25 11:22:44,981 [Worker-21: Auto share git projects] WARN  org.eclipse.jgit.util.FS_Win32 - null
2024-04-26 09:46:15,484 [Worker-3: Loading available Gradle versions] INFO  o.e.b.c.i.u.g.PublishedGradleVersions - Gradle version information cache is up-to-date. Trying to read.
2024-04-26 09:46:16,534 [Worker-6: Decoration Calculation] WARN  org.eclipse.jgit.util.FS_Win32 - null
2024-04-29 09:42:11,384 [Worker-7: Loading available Gradle versions] INFO  o.e.b.c.i.u.g.PublishedGradleVersions - Gradle version information cache is out-of-date. Trying to update.
2024-04-29 09:42:12,361 [Worker-3: Decoration Calculation] WARN  org.eclipse.jgit.util.FS_Win32 - null
2024-04-30 09:56:11,558 [Worker-3: Loading available Gradle versions] INFO  o.e.b.c.i.u.g.PublishedGradleVersions - Gradle version information cache is out-of-date. Trying to update.
2024-04-30 09:56:12,719 [Worker-5: Decoration Calculation] WARN  org.eclipse.jgit.util.FS_Win32 - null
2024-05-01 09:43:51,750 [Worker-4: Loading available Gradle versions] INFO  o.e.b.c.i.u.g.PublishedGradleVersions - Gradle version information cache is up-to-date. Trying to read.
2024-05-01 09:43:53,075 [Worker-6: Decoration Calculation] WARN  org.eclipse.jgit.util.FS_Win32 - null
2024-05-02 09:52:22,930 [Worker-3: Loading available Gradle versions] INFO  o.e.b.c.i.u.g.PublishedGradleVersions - Gradle version information cache is out-of-date. Trying to update.
2024-05-02 09:52:24,483 [Worker-2: Decoration Calculation] WARN  org.eclipse.jgit.util.FS_Win32 - null
2024-05-02 14:46:37,950 [Worker-2: Loading available Gradle versions] INFO  o.e.b.c.i.u.g.PublishedGradleVersions - Gradle version information cache is up-to-date. Trying to read.
2024-05-02 14:46:38,748 [Worker-1: Decoration Calculation] WARN  org.eclipse.jgit.util.FS_Win32 - null
2024-05-02 14:49:21,812 [Worker-3: Loading available Gradle versions] INFO  o.e.b.c.i.u.g.PublishedGradleVersions - Gradle version information cache is up-to-date. Trying to read.
2024-05-02 14:49:22,869 [Worker-5: Decoration Calculation] WARN  org.eclipse.jgit.util.FS_Win32 - null
2024-05-02 15:01:02,434 [Worker-5: Loading available Gradle versions] INFO  o.e.b.c.i.u.g.PublishedGradleVersions - Gradle version information cache is up-to-date. Trying to read.
2024-05-02 15:01:03,196 [Worker-7: Decoration Calculation] WARN  org.eclipse.jgit.util.FS_Win32 - null
2024-05-02 15:45:52,157 [Worker-4: Loading available Gradle versions] INFO  o.e.b.c.i.u.g.PublishedGradleVersions - Gradle version information cache is up-to-date. Trying to read.
2024-05-02 15:45:53,152 [Worker-3: Decoration Calculation] WARN  org.eclipse.jgit.util.FS_Win32 - null
2024-05-02 20:34:34,445 [Worker-5: Loading available Gradle versions] INFO  o.e.b.c.i.u.g.PublishedGradleVersions - Gradle version information cache is up-to-date. Trying to read.
2024-05-02 20:34:35,330 [Worker-1: Decoration Calculation] WARN  org.eclipse.jgit.util.FS_Win32 - null
2024-05-02 20:38:49,460 [Worker-1: Loading available Gradle versions] INFO  o.e.b.c.i.u.g.PublishedGradleVersions - Gradle version information cache is up-to-date. Trying to read.
2024-05-02 20:38:50,341 [Worker-6: Decoration Calculation] WARN  org.eclipse.jgit.util.FS_Win32 - null
2024-05-03 11:58:01,224 [Worker-4: Loading available Gradle versions] INFO  o.e.b.c.i.u.g.PublishedGradleVersions - Gradle version information cache is out-of-date. Trying to update.
2024-05-03 11:58:02,187 [Worker-6: Decoration Calculation] WARN  org.eclipse.jgit.util.FS_Win32 - null
2024-05-03 18:21:29,305 [Worker-4: Loading available Gradle versions] INFO  o.e.b.c.i.u.g.PublishedGradleVersions - Gradle version information cache is up-to-date. Trying to read.
2024-05-03 18:21:30,097 [Worker-6: Decoration Calculation] WARN  org.eclipse.jgit.util.FS_Win32 - null
2024-05-03 21:45:46,253 [Worker-6: Loading available Gradle versions] INFO  o.e.b.c.i.u.g.PublishedGradleVersions - Gradle version information cache is up-to-date. Trying to read.
2024-05-03 21:45:47,014 [Worker-4: Decoration Calculation] WARN  org.eclipse.jgit.util.FS_Win32 - null
2024-05-04 01:28:33,645 [Worker-4: Loading available Gradle versions] INFO  o.e.b.c.i.u.g.PublishedGradleVersions - Gradle version information cache is up-to-date. Trying to read.
2024-05-04 01:28:34,591 [Worker-6: Decoration Calculation] WARN  org.eclipse.jgit.util.FS_Win32 - null
2024-05-04 01:43:50,667 [Worker-5: Loading available Gradle versions] INFO  o.e.b.c.i.u.g.PublishedGradleVersions - Gradle version information cache is up-to-date. Trying to read.
2024-05-04 01:43:51,369 [Worker-1: Decoration Calculation] WARN  org.eclipse.jgit.util.FS_Win32 - null
2024-05-04 01:51:42,234 [Worker-6: Loading available Gradle versions] INFO  o.e.b.c.i.u.g.PublishedGradleVersions - Gradle version information cache is up-to-date. Trying to read.
2024-05-04 01:51:43,040 [Worker-7: Decoration Calculation] WARN  org.eclipse.jgit.util.FS_Win32 - null
2024-05-04 12:31:12,845 [Worker-4: Loading available Gradle versions] INFO  o.e.b.c.i.u.g.PublishedGradleVersions - Gradle version information cache is out-of-date. Trying to update.
2024-05-04 12:31:13,677 [Worker-6: Decoration Calculation] WARN  org.eclipse.jgit.util.FS_Win32 - null
2024-05-04 15:04:39,984 [Worker-4: Loading available Gradle versions] INFO  o.e.b.c.i.u.g.PublishedGradleVersions - Gradle version information cache is up-to-date. Trying to read.
2024-05-04 15:04:40,905 [Worker-1: Decoration Calculation] WARN  org.eclipse.jgit.util.FS_Win32 - null
2024-05-04 22:56:21,127 [Worker-5: Loading available Gradle versions] INFO  o.e.b.c.i.u.g.PublishedGradleVersions - Gradle version information cache is up-to-date. Trying to read.
2024-05-04 22:56:21,803 [Worker-6: Decoration Calculation] WARN  org.eclipse.jgit.util.FS_Win32 - null
2024-05-04 23:06:37,390 [Worker-5: Loading available Gradle versions] INFO  o.e.b.c.i.u.g.PublishedGradleVersions - Gradle version information cache is up-to-date. Trying to read.
2024-05-04 23:06:38,753 [Worker-3: Decoration Calculation] WARN  org.eclipse.jgit.util.FS_Win32 - null
2024-05-05 14:57:10,305 [Worker-5: Loading available Gradle versions] INFO  o.e.b.c.i.u.g.PublishedGradleVersions - Gradle version information cache is out-of-date. Trying to update.
2024-05-05 14:57:11,467 [Worker-7: Decoration Calculation] WARN  org.eclipse.jgit.util.FS_Win32 - null
2024-05-05 18:46:15,773 [Worker-6: Loading available Gradle versions] INFO  o.e.b.c.i.u.g.PublishedGradleVersions - Gradle version information cache is up-to-date. Trying to read.
2024-05-05 18:46:16,509 [Worker-1: Decoration Calculation] WARN  org.eclipse.jgit.util.FS_Win32 - null
2024-05-05 22:06:14,648 [Worker-1: Loading available Gradle versions] INFO  o.e.b.c.i.u.g.PublishedGradleVersions - Gradle version information cache is up-to-date. Trying to read.
2024-05-05 22:06:15,954 [Worker-6: Decoration Calculation] WARN  org.eclipse.jgit.util.FS_Win32 - null
2024-05-06 13:22:13,752 [Worker-4: Loading available Gradle versions] INFO  o.e.b.c.i.u.g.PublishedGradleVersions - Gradle version information cache is up-to-date. Trying to read.
2024-05-06 13:22:14,705 [Worker-7: Decoration Calculation] WARN  org.eclipse.jgit.util.FS_Win32 - null
2024-05-06 19:10:00,471 [Worker-1: Loading available Gradle versions] INFO  o.e.b.c.i.u.g.PublishedGradleVersions - Gradle version information cache is out-of-date. Trying to update.
2024-05-06 19:10:01,449 [Worker-4: Decoration Calculation] WARN  org.eclipse.jgit.util.FS_Win32 - null
2024-05-07 09:45:12,918 [Worker-5: Loading available Gradle versions] INFO  o.e.b.c.i.u.g.PublishedGradleVersions - Gradle version information cache is up-to-date. Trying to read.
2024-05-07 09:45:14,116 [Worker-3: Decoration Calculation] WARN  org.eclipse.jgit.util.FS_Win32 - null
